<?xml version="1.0" ?>
<!DOCTYPE coverage SYSTEM "http://cobertura.sourceforge.net/xml/coverage-04.dtd">
<coverage lines-valid="238"  lines-covered="130"  line-rate="0.5462"  branches-valid="330"  branches-covered="56"  branch-rate="0.1697"  timestamp="1512473363537" complexity="0" version="0.1">
<sources>
	<source>/home/guestuser/code/registration-ui</source>
</sources>
<packages>
	<package name="app"  line-rate="0.8125"  branch-rate="1" >
	<classes>
		<class name="app.js"  filename="app/app.js"  line-rate="0.8125"  branch-rate="1" >
		<methods>
			<method name="(anonymous_1)"  hits="29"  signature="()V" >
				<lines><line number="59"  hits="29" /></lines>
			</method>
			<method name="(anonymous_2)"  hits="29"  signature="()V" >
				<lines><line number="73"  hits="29" /></lines>
			</method>
			<method name="(anonymous_3)"  hits="29"  signature="()V" >
				<lines><line number="86"  hits="29" /></lines>
			</method>
			<method name="(anonymous_4)"  hits="0"  signature="()V" >
				<lines><line number="87"  hits="0" /></lines>
			</method>
			<method name="(anonymous_5)"  hits="0"  signature="()V" >
				<lines><line number="91"  hits="0" /></lines>
			</method>
		</methods>
		<lines>
			<line number="3"  hits="1"  branch="false" />
			<line number="10"  hits="1"  branch="false" />
			<line number="59"  hits="1"  branch="false" />
			<line number="60"  hits="29"  branch="false" />
			<line number="73"  hits="1"  branch="false" />
			<line number="74"  hits="29"  branch="false" />
			<line number="76"  hits="29"  branch="false" />
			<line number="81"  hits="29"  branch="false" />
			<line number="82"  hits="29"  branch="false" />
			<line number="83"  hits="29"  branch="false" />
			<line number="86"  hits="1"  branch="false" />
			<line number="87"  hits="29"  branch="false" />
			<line number="88"  hits="0"  branch="false" />
			<line number="91"  hits="29"  branch="false" />
			<line number="93"  hits="0"  branch="false" />
			<line number="94"  hits="0"  branch="false" />
		</lines>
		</class>
	</classes>
	</package>
	<package name="app.components.registration"  line-rate="0.5233"  branch-rate="0.17300000000000001" >
	<classes>
		<class name="registration.controller.js"  filename="app/components/registration/registration.controller.js"  line-rate="0.5233"  branch-rate="0.17300000000000001" >
		<methods>
			<method name="(anonymous_1)"  hits="24"  signature="()V" >
				<lines><line number="5"  hits="24" /></lines>
			</method>
			<method name="getPostCodeRegExp"  hits="74"  signature="()V" >
				<lines><line number="10"  hits="74" /></lines>
			</method>
			<method name="setUpFormFields"  hits="0"  signature="()V" >
				<lines><line number="19"  hits="0" /></lines>
			</method>
			<method name="setUpUsersArr"  hits="0"  signature="()V" >
				<lines><line number="21"  hits="0" /></lines>
			</method>
			<method name="(anonymous_5)"  hits="0"  signature="()V" >
				<lines><line number="23"  hits="0" /></lines>
			</method>
			<method name="resetFormData"  hits="0"  signature="()V" >
				<lines><line number="198"  hits="0" /></lines>
			</method>
			<method name="(anonymous_7)"  hits="0"  signature="()V" >
				<lines><line number="216"  hits="0" /></lines>
			</method>
			<method name="(anonymous_8)"  hits="0"  signature="()V" >
				<lines><line number="240"  hits="0" /></lines>
			</method>
			<method name="(anonymous_9)"  hits="0"  signature="()V" >
				<lines><line number="265"  hits="0" /></lines>
			</method>
			<method name="(anonymous_10)"  hits="7"  signature="()V" >
				<lines><line number="270"  hits="7" /></lines>
			</method>
			<method name="(anonymous_11)"  hits="8"  signature="()V" >
				<lines><line number="281"  hits="8" /></lines>
			</method>
			<method name="(anonymous_12)"  hits="7"  signature="()V" >
				<lines><line number="311"  hits="7" /></lines>
			</method>
			<method name="(anonymous_13)"  hits="8"  signature="()V" >
				<lines><line number="325"  hits="8" /></lines>
			</method>
			<method name="(anonymous_14)"  hits="7"  signature="()V" >
				<lines><line number="337"  hits="7" /></lines>
			</method>
			<method name="(anonymous_15)"  hits="8"  signature="()V" >
				<lines><line number="344"  hits="8" /></lines>
			</method>
			<method name="(anonymous_16)"  hits="7"  signature="()V" >
				<lines><line number="352"  hits="7" /></lines>
			</method>
			<method name="(anonymous_17)"  hits="2"  signature="()V" >
				<lines><line number="367"  hits="2" /></lines>
			</method>
			<method name="(anonymous_18)"  hits="2"  signature="()V" >
				<lines><line number="371"  hits="2" /></lines>
			</method>
			<method name="(anonymous_19)"  hits="3"  signature="()V" >
				<lines><line number="389"  hits="3" /></lines>
			</method>
			<method name="(anonymous_20)"  hits="0"  signature="()V" >
				<lines><line number="407"  hits="0" /></lines>
			</method>
			<method name="(anonymous_21)"  hits="0"  signature="()V" >
				<lines><line number="416"  hits="0" /></lines>
			</method>
			<method name="(anonymous_22)"  hits="1"  signature="()V" >
				<lines><line number="425"  hits="1" /></lines>
			</method>
			<method name="(anonymous_23)"  hits="0"  signature="()V" >
				<lines><line number="491"  hits="0" /></lines>
			</method>
			<method name="(anonymous_24)"  hits="0"  signature="()V" >
				<lines><line number="547"  hits="0" /></lines>
			</method>
			<method name="(anonymous_25)"  hits="0"  signature="()V" >
				<lines><line number="554"  hits="0" /></lines>
			</method>
			<method name="init"  hits="24"  signature="()V" >
				<lines><line number="561"  hits="24" /></lines>
			</method>
			<method name="(anonymous_27)"  hits="0"  signature="()V" >
				<lines><line number="665"  hits="0" /></lines>
			</method>
			<method name="(anonymous_28)"  hits="7"  signature="()V" >
				<lines><line number="668"  hits="7" /></lines>
			</method>
			<method name="(anonymous_29)"  hits="3"  signature="()V" >
				<lines><line number="684"  hits="3" /></lines>
			</method>
			<method name="(anonymous_30)"  hits="2"  signature="()V" >
				<lines><line number="686"  hits="2" /></lines>
			</method>
		</methods>
		<lines>
			<line number="3"  hits="1"  branch="false" />
			<line number="7"  hits="24"  branch="false" />
			<line number="8"  hits="24"  branch="false" />
			<line number="10"  hits="1"  branch="false" />
			<line number="11"  hits="74"  branch="false" />
			<line number="12"  hits="74"  branch="false" />
			<line number="13"  hits="84"  branch="true"  condition-coverage="100% (4/4)" />
			<line number="14"  hits="72"  branch="false" />
			<line number="19"  hits="1"  branch="false" />
			<line number="21"  hits="1"  branch="false" />
			<line number="22"  hits="0"  branch="true"  condition-coverage="0% (0/2)" />
			<line number="23"  hits="0"  branch="false" />
			<line number="24"  hits="0"  branch="false" />
			<line number="25"  hits="0"  branch="true"  condition-coverage="0% (0/2)" />
			<line number="26"  hits="0"  branch="false" />
			<line number="27"  hits="0"  branch="true"  condition-coverage="0% (0/2)" />
			<line number="28"  hits="0"  branch="false" />
			<line number="32"  hits="0"  branch="true"  condition-coverage="0% (0/2)" />
			<line number="33"  hits="0"  branch="false" />
			<line number="34"  hits="0"  branch="true"  condition-coverage="0% (0/2)" />
			<line number="35"  hits="0"  branch="false" />
			<line number="40"  hits="0"  branch="false" />
			<line number="55"  hits="0"  branch="false" />
			<line number="57"  hits="0"  branch="false" />
			<line number="70"  hits="0"  branch="false" />
			<line number="74"  hits="0"  branch="true"  condition-coverage="0% (0/2)" />
			<line number="75"  hits="0"  branch="false" />
			<line number="76"  hits="0"  branch="true"  condition-coverage="0% (0/2)" />
			<line number="91"  hits="0"  branch="false" />
			<line number="94"  hits="0"  branch="false" />
			<line number="103"  hits="0"  branch="false" />
			<line number="107"  hits="0"  branch="false" />
			<line number="162"  hits="0"  branch="false" />
			<line number="198"  hits="1"  branch="false" />
			<line number="199"  hits="0"  branch="false" />
			<line number="213"  hits="0"  branch="false" />
			<line number="216"  hits="24"  branch="false" />
			<line number="217"  hits="0"  branch="true"  condition-coverage="0% (0/2)" />
			<line number="218"  hits="0"  branch="false" />
			<line number="220"  hits="0"  branch="true"  condition-coverage="0% (0/2)" />
			<line number="221"  hits="0"  branch="false" />
			<line number="223"  hits="0"  branch="true"  condition-coverage="0% (0/2)" />
			<line number="224"  hits="0"  branch="false" />
			<line number="226"  hits="0"  branch="true"  condition-coverage="0% (0/8)" />
			<line number="227"  hits="0"  branch="false" />
			<line number="229"  hits="0"  branch="true"  condition-coverage="0% (0/4)" />
			<line number="230"  hits="0"  branch="false" />
			<line number="232"  hits="0"  branch="true"  condition-coverage="0% (0/2)" />
			<line number="233"  hits="0"  branch="false" />
			<line number="235"  hits="0"  branch="true"  condition-coverage="0% (0/2)" />
			<line number="236"  hits="0"  branch="false" />
			<line number="240"  hits="24"  branch="false" />
			<line number="241"  hits="0"  branch="false" />
			<line number="243"  hits="0"  branch="true"  condition-coverage="0% (0/2)" />
			<line number="244"  hits="0"  branch="false" />
			<line number="245"  hits="0"  branch="false" />
			<line number="247"  hits="0"  branch="true"  condition-coverage="0% (0/2)" />
			<line number="248"  hits="0"  branch="false" />
			<line number="249"  hits="0"  branch="false" />
			<line number="251"  hits="0"  branch="true"  condition-coverage="0% (0/2)" />
			<line number="252"  hits="0"  branch="false" />
			<line number="253"  hits="0"  branch="false" />
			<line number="255"  hits="0"  branch="true"  condition-coverage="0% (0/2)" />
			<line number="256"  hits="0"  branch="false" />
			<line number="257"  hits="0"  branch="false" />
			<line number="260"  hits="0"  branch="false" />
			<line number="265"  hits="0"  branch="false" />
			<line number="270"  hits="24"  branch="false" />
			<line number="271"  hits="7"  branch="false" />
			<line number="272"  hits="7"  branch="false" />
			<line number="273"  hits="7"  branch="false" />
			<line number="274"  hits="7"  branch="true"  condition-coverage="100% (8/8)" />
			<line number="275"  hits="1"  branch="false" />
			<line number="277"  hits="6"  branch="false" />
			<line number="281"  hits="24"  branch="false" />
			<line number="282"  hits="8"  branch="false" />
			<line number="283"  hits="8"  branch="false" />
			<line number="284"  hits="8"  branch="false" />
			<line number="285"  hits="8"  branch="false" />
			<line number="286"  hits="8"  branch="false" />
			<line number="287"  hits="8"  branch="false" />
			<line number="288"  hits="8"  branch="false" />
			<line number="289"  hits="8"  branch="false" />
			<line number="291"  hits="8"  branch="true"  condition-coverage="31.57894736842105% (6/19)" />
			<line number="300"  hits="0"  branch="false" />
			<line number="302"  hits="8"  branch="true"  condition-coverage="28.57142857142857% (2/7)" />
			<line number="305"  hits="0"  branch="false" />
			<line number="307"  hits="8"  branch="false" />
			<line number="311"  hits="24"  branch="false" />
			<line number="312"  hits="7"  branch="false" />
			<line number="313"  hits="7"  branch="false" />
			<line number="314"  hits="0"  branch="true"  condition-coverage="0% (0/2)" />
			<line number="315"  hits="0"  branch="false" />
			<line number="317"  hits="0"  branch="true"  condition-coverage="0% (0/5)" />
			<line number="318"  hits="0"  branch="false" />
			<line number="322"  hits="7"  branch="false" />
			<line number="325"  hits="24"  branch="false" />
			<line number="326"  hits="8"  branch="true"  condition-coverage="100% (4/4)" />
			<line number="327"  hits="7"  branch="false" />
			<line number="330"  hits="1"  branch="false" />
			<line number="331"  hits="1"  branch="false" />
			<line number="333"  hits="1"  branch="false" />
			<line number="334"  hits="0"  branch="false" />
			<line number="337"  hits="24"  branch="false" />
			<line number="338"  hits="7"  branch="true"  condition-coverage="50% (2/4)" />
			<line number="339"  hits="7"  branch="false" />
			<line number="341"  hits="0"  branch="false" />
			<line number="344"  hits="24"  branch="false" />
			<line number="345"  hits="8"  branch="true"  condition-coverage="100% (2/2)" />
			<line number="346"  hits="7"  branch="false" />
			<line number="349"  hits="1"  branch="true"  condition-coverage="75% (3/4)" />
			<line number="352"  hits="24"  branch="false" />
			<line number="353"  hits="7"  branch="true"  condition-coverage="50% (1/2)" />
			<line number="354"  hits="7"  branch="false" />
			<line number="356"  hits="0"  branch="true"  condition-coverage="0% (0/2)" />
			<line number="357"  hits="0"  branch="true"  condition-coverage="0% (0/2)" />
			<line number="358"  hits="0"  branch="true"  condition-coverage="0% (0/2)" />
			<line number="359"  hits="0"  branch="true"  condition-coverage="0% (0/2)" />
			<line number="360"  hits="0"  branch="true"  condition-coverage="0% (0/2)" />
			<line number="361"  hits="0"  branch="true"  condition-coverage="0% (0/2)" />
			<line number="362"  hits="0"  branch="true"  condition-coverage="0% (0/2)" />
			<line number="363"  hits="0"  branch="true"  condition-coverage="0% (0/2)" />
			<line number="367"  hits="24"  branch="false" />
			<line number="368"  hits="2"  branch="false" />
			<line number="371"  hits="24"  branch="false" />
			<line number="372"  hits="2"  branch="true"  condition-coverage="100% (2/2)" />
			<line number="373"  hits="1"  branch="false" />
			<line number="374"  hits="1"  branch="false" />
			<line number="385"  hits="1"  branch="false" />
			<line number="389"  hits="24"  branch="false" />
			<line number="390"  hits="3"  branch="false" />
			<line number="392"  hits="3"  branch="false" />
			<line number="393"  hits="10"  branch="true"  condition-coverage="100% (2/2)" />
			<line number="394"  hits="3"  branch="false" />
			<line number="398"  hits="3"  branch="false" />
			<line number="400"  hits="3"  branch="false" />
			<line number="401"  hits="7"  branch="false" />
			<line number="404"  hits="3"  branch="false" />
			<line number="407"  hits="24"  branch="false" />
			<line number="408"  hits="0"  branch="false" />
			<line number="409"  hits="0"  branch="false" />
			<line number="410"  hits="0"  branch="true"  condition-coverage="0% (0/2)" />
			<line number="411"  hits="0"  branch="false" />
			<line number="416"  hits="24"  branch="false" />
			<line number="417"  hits="0"  branch="false" />
			<line number="418"  hits="0"  branch="false" />
			<line number="419"  hits="0"  branch="true"  condition-coverage="0% (0/2)" />
			<line number="420"  hits="0"  branch="false" />
			<line number="425"  hits="24"  branch="false" />
			<line number="426"  hits="1"  branch="true"  condition-coverage="50% (1/2)" />
			<line number="487"  hits="1"  branch="true"  condition-coverage="75% (3/4)" />
			<line number="488"  hits="0"  branch="false" />
			<line number="489"  hits="0"  branch="false" />
			<line number="491"  hits="1"  branch="false" />
			<line number="492"  hits="0"  branch="false" />
			<line number="506"  hits="0"  branch="false" />
			<line number="547"  hits="0"  branch="false" />
			<line number="548"  hits="0"  branch="true"  condition-coverage="0% (0/2)" />
			<line number="549"  hits="0"  branch="false" />
			<line number="550"  hits="0"  branch="false" />
			<line number="552"  hits="0"  branch="false" />
			<line number="555"  hits="0"  branch="false" />
			<line number="556"  hits="0"  branch="false" />
			<line number="561"  hits="1"  branch="false" />
			<line number="562"  hits="24"  branch="false" />
			<line number="563"  hits="24"  branch="false" />
			<line number="565"  hits="24"  branch="false" />
			<line number="587"  hits="24"  branch="false" />
			<line number="610"  hits="24"  branch="false" />
			<line number="643"  hits="24"  branch="false" />
			<line number="655"  hits="24"  branch="false" />
			<line number="656"  hits="24"  branch="false" />
			<line number="657"  hits="24"  branch="false" />
			<line number="658"  hits="24"  branch="false" />
			<line number="659"  hits="24"  branch="false" />
			<line number="660"  hits="24"  branch="false" />
			<line number="661"  hits="24"  branch="false" />
			<line number="662"  hits="24"  branch="false" />
			<line number="663"  hits="24"  branch="false" />
			<line number="665"  hits="24"  branch="false" />
			<line number="666"  hits="0"  branch="false" />
			<line number="667"  hits="0"  branch="false" />
			<line number="675"  hits="24"  branch="false" />
			<line number="682"  hits="1"  branch="false" />
			<line number="686"  hits="3"  branch="false" />
			<line number="687"  hits="2"  branch="false" />
			<line number="689"  hits="2"  branch="false" />
			<line number="690"  hits="2"  branch="true"  condition-coverage="50% (1/2)" />
			<line number="691"  hits="2"  branch="true"  condition-coverage="100% (10/10)" />
			<line number="699"  hits="1"  branch="false" />
			<line number="700"  hits="1"  branch="true"  condition-coverage="80% (4/5)" />
			<line number="703"  hits="0"  branch="false" />
			<line number="705"  hits="1"  branch="false" />
		</lines>
		</class>
	</classes>
	</package>
	<package name="app.components.shared.modals.registration-submission-received"  line-rate="0.16670000000000001"  branch-rate="1" >
	<classes>
		<class name="registration-submission-received-modal.component.js"  filename="app/components/shared/modals/registration-submission-received/registration-submission-received-modal.component.js"  line-rate="0.16670000000000001"  branch-rate="1" >
		<methods>
			<method name="(anonymous_1)"  hits="0"  signature="()V" >
				<lines><line number="7"  hits="0" /></lines>
			</method>
			<method name="(anonymous_2)"  hits="0"  signature="()V" >
				<lines><line number="10"  hits="0" /></lines>
			</method>
			<method name="(anonymous_3)"  hits="0"  signature="()V" >
				<lines><line number="17"  hits="0" /></lines>
			</method>
		</methods>
		<lines>
			<line number="1"  hits="1"  branch="false" />
			<line number="8"  hits="0"  branch="false" />
			<line number="10"  hits="0"  branch="false" />
			<line number="11"  hits="0"  branch="false" />
			<line number="17"  hits="0"  branch="false" />
			<line number="18"  hits="0"  branch="false" />
		</lines>
		</class>
	</classes>
	</package>
	<package name="app.services"  line-rate="0.6522"  branch-rate="0.0833" >
	<classes>
		<class name="apiService.js"  filename="app/services/apiService.js"  line-rate="0.6522"  branch-rate="0.0833" >
		<methods>
			<method name="(anonymous_1)"  hits="26"  signature="()V" >
				<lines><line number="5"  hits="26" /></lines>
			</method>
			<method name="(anonymous_2)"  hits="8"  signature="()V" >
				<lines><line number="7"  hits="8" /></lines>
			</method>
			<method name="(anonymous_3)"  hits="0"  signature="()V" >
				<lines><line number="13"  hits="0" /></lines>
			</method>
			<method name="(anonymous_4)"  hits="24"  signature="()V" >
				<lines><line number="19"  hits="24" /></lines>
			</method>
			<method name="(anonymous_5)"  hits="0"  signature="()V" >
				<lines><line number="21"  hits="0" /></lines>
			</method>
			<method name="(anonymous_6)"  hits="7"  signature="()V" >
				<lines><line number="27"  hits="7" /></lines>
			</method>
			<method name="(anonymous_7)"  hits="1"  signature="()V" >
				<lines><line number="34"  hits="1" /></lines>
			</method>
			<method name="(anonymous_8)"  hits="0"  signature="()V" >
				<lines><line number="92"  hits="0" /></lines>
			</method>
			<method name="(anonymous_9)"  hits="1"  signature="()V" >
				<lines><line number="98"  hits="1" /></lines>
			</method>
		</methods>
		<lines>
			<line number="3"  hits="1"  branch="false" />
			<line number="7"  hits="26"  branch="false" />
			<line number="8"  hits="8"  branch="true"  condition-coverage="50% (1/2)" />
			<line number="9"  hits="8"  branch="false" />
			<line number="13"  hits="26"  branch="false" />
			<line number="14"  hits="0"  branch="true"  condition-coverage="0% (0/2)" />
			<line number="15"  hits="0"  branch="false" />
			<line number="19"  hits="26"  branch="false" />
			<line number="20"  hits="24"  branch="false" />
			<line number="21"  hits="24"  branch="false" />
			<line number="22"  hits="0"  branch="true"  condition-coverage="0% (0/4)" />
			<line number="23"  hits="0"  branch="false" />
			<line number="25"  hits="0"  branch="false" />
			<line number="28"  hits="7"  branch="false" />
			<line number="31"  hits="24"  branch="false" />
			<line number="34"  hits="26"  branch="false" />
			<line number="35"  hits="1"  branch="false" />
			<line number="92"  hits="1"  branch="false" />
			<line number="93"  hits="0"  branch="true"  condition-coverage="0% (0/4)" />
			<line number="94"  hits="0"  branch="false" />
			<line number="96"  hits="0"  branch="false" />
			<line number="99"  hits="1"  branch="false" />
			<line number="102"  hits="1"  branch="false" />
		</lines>
		</class>
	</classes>
	</package>
</packages>
</coverage>
